/* -*- Mode: c -*- */
####################################################################################################
Core 0
####################################################################################################
Cumulative:        Cycles: 49070870              Instructions: 99999999              IPC: 2.03787

Periodic:          Cycles: 49070870              Instructions: 99999999              IPC: 2.03787

MISS_WAIT_TIME                           3120516770899                  3120516770899              

ICACHE_STAGE_MISS                               135636                         135636              

ICACHE_CYCLE                                  49070870                       49070870              

TCACHE_CYCLE                                         0                              0              

ICACHE_CYCLE_ONPATH                           27706725       56.463%         27706725       56.463%
ICACHE_CYCLE_OFFPATH                          21364145       43.537%         21364145       43.537%
                                              49070870      100.000%         49070870      100.000%
                                                  0.44         0.47              0.44         0.47

FETCH_ON_PATH                                 28073508       57.803%         28073508       57.803%
FETCH_OFF_PATH                                20493651       42.197%         20493651       42.197%
                                              48567159      100.000%         48567159      100.000%
                                                  0.42         0.46              0.42         0.46

FETCHED_OPS_ON_PATH                                  0         -nan%                0         -nan%
FETCHED_OPS_OFF_PATH                                 0         -nan%                0         -nan%
                                                     0         -nan%                0         -nan%
                                                  -nan         -nan              -nan         -nan

INST_LOST_FETCH                              122494097       44.369%        122494097       44.369%
INST_LOST_OFF_PATH                            95820210       34.707%         95820210       34.707%
INST_LOST_FULL_WINDOW                            87606        0.032%            87606        0.032%
INST_LOST_ROB_STALL_OTHER                      1364232        0.494%          1364232        0.494%
INST_LOST_ROB_STALL_WAIT_FOR_RECOVERY            12270        0.004%            12270        0.004%
INST_LOST_ROB_STALL_WAIT_FOR_REDIRECT                0        0.000%                0        0.000%
INST_LOST_ROB_STALL_WAIT_FOR_GAP_FILL                0        0.000%                0        0.000%
INST_LOST_ROB_STALL_WAIT_FOR_L1_MISS                 0        0.000%                0        0.000%
INST_LOST_ROB_STALL_WAIT_FOR_MEMORY               3720        0.001%             3720        0.001%
INST_LOST_ROB_STALL_WAIT_FOR_DC_MISS           1554438        0.563%          1554438        0.563%
INST_LOST_ROB_BLOCK_ISSUE_FULL                       0        0.000%                0        0.000%
INST_LOST_ROB_BLOCK_ISSUE_GAP_TOO_LARGE              0        0.000%                0        0.000%
INST_LOST_BREAK_DONT                                 0        0.000%                0        0.000%
INST_LOST_BREAK_RENAME                               0        0.000%                0        0.000%
INST_LOST_BREAK_FT_UNAVAILABLE                     230        0.000%              230        0.000%
INST_LOST_BREAK_ICACHE_TO_UOP_CACHE_SWITCH       3071457        1.113%          3071457        1.113%
INST_LOST_BREAK_ICACHE_MISS_REQ_SUCCESS         561775        0.203%           561775        0.203%
INST_LOST_BREAK_ICACHE_MISS_REQ_FAILURE           5111        0.002%             5111        0.002%
INST_LOST_BREAK_WAIT_FOR_MISS                 10401375        3.767%         10401375        3.767%
INST_LOST_BREAK_UOP_CACHE_READ_LIMIT          38088294       13.796%         38088294       13.796%
INST_LOST_BREAK_UOP_CACHE_READ_LIMIT_AND_ISSUE_WIDTH             0        0.000%                0        0.000%
INST_LOST_BREAK_ICACHE_READ_LIMIT              2349876        0.851%          2349876        0.851%
INST_LOST_BREAK_ICACHE_READ_LIMIT_AND_ISSUE_WIDTH             0        0.000%                0        0.000%
INST_LOST_BREAK_ISSUE_WIDTH                          0        0.000%                0        0.000%
INST_LOST_BREAK_BARRIERT                          3843        0.001%             3843        0.001%
INST_LOST_BREAK_WAIT_FOR_EMPTY_ROB              264145        0.096%           264145        0.096%
INST_LOST_BREAK_APP_EXIT                             0        0.000%                0        0.000%
INST_LOST_BREAK_STALL                                0        0.000%                0        0.000%
                                             276082679      100.000%        276082679      100.000%
                                                  4.12         6.77              4.12         6.77

INST_LOST_TOTAL                              276082679                      276082679              

INST_LOST_WAIT_FOR_ICACHE_MISS_NOT_PREFETCHED        375620        4.002%           375620        4.002%
INST_LOST_WAIT_FOR_ICACHE_MISS_PREFETCHED_AND_EVICTED_BY_IFETCH             0        0.000%                0        0.000%
INST_LOST_WAIT_FOR_ICACHE_MISS_PREFETCHED_AND_EVICTED_BY_FDIP             0        0.000%                0        0.000%
INST_LOST_WAIT_FOR_ICACHE_MISS_MSHR_HIT_PREF_OFFPATH        209265        2.230%           209265        2.230%
INST_LOST_WAIT_FOR_ICACHE_MISS_MSHR_HIT_PREF_ONPATH       8801020       93.768%          8801020       93.768%
                                               9385905      100.000%          9385905      100.000%
                                                  3.82         3.70              3.82         3.70

FETCH_0_OPS                                    4995849        9.731%          4995849        9.731%
FETCH_1_OPS                                    2738598        5.334%          2738598        5.334%
FETCH_2_OPS                                    3167821        6.170%          3167821        6.170%
FETCH_3_OPS                                    3524239        6.864%          3524239        6.864%
FETCH_4_OPS                                    3316228        6.459%          3316228        6.459%
FETCH_5_OPS                                   16185052       31.525%         16185052       31.525%
FETCH_6_OPS                                   17412863       33.916%         17412863       33.916%
FETCH_7_OPS                                          0        0.000%                0        0.000%
FETCH_8_OPS                                          0        0.000%                0        0.000%
FETCH_9_OPS                                          0        0.000%                0        0.000%
FETCH_10_OPS                                         0        0.000%                0        0.000%
FETCH_11_OPS                                         0        0.000%                0        0.000%
FETCH_12_OPS                                         0        0.000%                0        0.000%
FETCH_13_OPS                                         0        0.000%                0        0.000%
FETCH_14_OPS                                         0        0.000%                0        0.000%
FETCH_15_OPS                                         0        0.000%                0        0.000%
FETCH_16_OPS                                         0        0.000%                0        0.000%
                                              51340650      100.000%         51340650      100.000%
                                                  4.25         1.48              4.25         1.48

ST_BREAK_DONT                                        0        0.000%                0        0.000%
ST_BREAK_RENAME                                      0        0.000%                0        0.000%
ST_BREAK_FT_UNAVAILABLE                             46        0.000%               46        0.000%
ST_BREAK_ICACHE_TO_UOP_CACHE_SWITCH            1177629        2.425%          1177629        2.425%
ST_BREAK_ICACHE_MISS_REQ_SUCCESS                135636        0.279%           135636        0.279%
ST_BREAK_ICACHE_MISS_REQ_FAILURE                  1040        0.002%             1040        0.002%
ST_BREAK_WAIT_FOR_MISS                         2080275        4.283%          2080275        4.283%
ST_BREAK_UOP_CACHE_READ_LIMIT                 12811149       26.378%         12811149       26.378%
ST_BREAK_UOP_CACHE_READ_LIMIT_AND_ISSUE_WIDTH       2564571        5.280%          2564571        5.280%
ST_BREAK_ICACHE_READ_LIMIT                     1148080        2.364%          1148080        2.364%
ST_BREAK_ICACHE_READ_LIMIT_AND_ISSUE_WIDTH        403233        0.830%           403233        0.830%
ST_BREAK_ISSUE_WIDTH                          28190672       58.045%         28190672       58.045%
ST_BREAK_BARRIERT                                 1998        0.004%             1998        0.004%
ST_BREAK_WAIT_FOR_EMPTY_ROB                      52829        0.109%            52829        0.109%
ST_BREAK_APP_EXIT                                    1        0.000%                1        0.000%
ST_BREAK_STALL                                       0        0.000%                0        0.000%
                                              48567159      100.000%         48567159      100.000%
                                                  9.31         2.17              9.31         2.17

ORACLE_ON_PATH_INST                          122494097       56.109%        122494097       56.109%
ORACLE_OFF_PATH_INST                          95820210       43.891%         95820210       43.891%
                                             218314307      100.000%        218314307      100.000%
                                                  0.44         0.47              0.44         0.47

ORACLE_ON_PATH_INST_MEM                       40706058       18.646%         40706058       18.646%
ORACLE_ON_PATH_INST_NOTMEM                    81788039       37.463%         81788039       37.463%
ORACLE_OFF_PATH_INST_MEM                      31522990       14.439%         31522990       14.439%
ORACLE_OFF_PATH_INST_NOTMEM                   64297220       29.452%         64297220       29.452%
                                             218314307      100.000%        218314307      100.000%
                                                  1.55         1.21              1.55         1.21

ICACHE_CYCLE_NONRA_ONPATH                            0         -nan%                0         -nan%
ICACHE_CYCLE_NONRA_OFFPATH                           0         -nan%                0         -nan%
ICACHE_CYCLE_RA_ONPATH                               0         -nan%                0         -nan%
ICACHE_CYCLE_RA_OFFPATH                              0         -nan%                0         -nan%
                                                     0         -nan%                0         -nan%
                                                  -nan         -nan              -nan         -nan

ICACHE_CYCLE_ONPATH_NONRA                            0         -nan%                0         -nan%
ICACHE_CYCLE_OFFPATH_NONRA                           0         -nan%                0         -nan%
                                                     0         -nan%                0         -nan%
                                                  -nan         -nan              -nan         -nan

ICACHE_CYCLE_ONPATH_RA                               0         -nan%                0         -nan%
ICACHE_CYCLE_OFFPATH_RA                              0         -nan%                0         -nan%
                                                     0         -nan%                0         -nan%
                                                  -nan         -nan              -nan         -nan

INACCURATE_OFFPATH_CYCLES                            0        0.0000                0        0.0000

FETCH_ALL_INST                               218314307                      218314307              

EXEC_ALL_INST                                153480384                      153480384              

RET_ALL_INST                                 122494097                      122494097              

EXEC_ON_PATH_INST                            122494097       79.811%        122494097       79.811%
EXEC_OFF_PATH_INST                            30986287       20.189%         30986287       20.189%
                                             153480384      100.000%        153480384      100.000%
                                                  0.20         0.37              0.20         0.37

EXEC_ON_PATH_INST_MEM                         40706058       26.522%         40706058       26.522%
EXEC_ON_PATH_INST_NOTMEM                      81788039       53.289%         81788039       53.289%
EXEC_OFF_PATH_INST_MEM                        11076922        7.217%         11076922        7.217%
EXEC_OFF_PATH_INST_NOTMEM                     19909365       12.972%         19909365       12.972%
                                             153480384      100.000%        153480384      100.000%
                                                  1.07         0.84              1.07         0.84

EXEC_RA_INST                                         0         -nan%                0         -nan%
EXEC_NONRA_INST                                      0         -nan%                0         -nan%
                                                     0         -nan%                0         -nan%
                                                  -nan         -nan              -nan         -nan

EXEC_ON_PATH_INST_RA                                 0         -nan%                0         -nan%
EXEC_OFF_PATH_INST_RA                                0         -nan%                0         -nan%
                                                     0         -nan%                0         -nan%
                                                  -nan         -nan              -nan         -nan

EXEC_ON_PATH_INST_NONRA                              0         -nan%                0         -nan%
EXEC_OFF_PATH_INST_NONRA                             0         -nan%                0         -nan%
                                                     0         -nan%                0         -nan%
                                                  -nan         -nan              -nan         -nan

EXEC_RA_ON_PATH_INST                                 0         -nan%                0         -nan%
EXEC_RA_OFF_PATH_INST                                0         -nan%                0         -nan%
EXEC_NONRA_ON_PATH_INST                              0         -nan%                0         -nan%
EXEC_NONRA_OFF_PATH_INST                             0         -nan%                0         -nan%
                                                     0         -nan%                0         -nan%
                                                  -nan         -nan              -nan         -nan

ICACHE_THROTTLE_CYCLE                                0                              0              

FETCH_ENABLE_THROTTLE_OFF_PATH                       0         -nan%                0         -nan%
FETCH_ENABLE_THROTTLE_ON_PATH                        0         -nan%                0         -nan%
                                                     0         -nan%                0         -nan%
                                                  -nan         -nan              -nan         -nan

FETCH_DISABLE_THROTTLE_OFF_PATH                      0         -nan%                0         -nan%
FETCH_DISABLE_THROTTLE_ON_PATH                       0         -nan%                0         -nan%
                                                     0         -nan%                0         -nan%
                                                  -nan         -nan              -nan         -nan

FETCH_TH_ADJUST__0                                   0         -nan%                0         -nan%
FETCH_TH_ADJUST__1                                   0         -nan%                0         -nan%
FETCH_TH_ADJUST__2                                   0         -nan%                0         -nan%
FETCH_TH_ADJUST__3                                   0         -nan%                0         -nan%
FETCH_TH_ADJUST__4                                   0         -nan%                0         -nan%
FETCH_TH_ADJUST__5                                   0         -nan%                0         -nan%
FETCH_TH_ADJUST__6                                   0         -nan%                0         -nan%
FETCH_TH_ADJUST__7                                   0         -nan%                0         -nan%
FETCH_TH_ADJUST__8                                   0         -nan%                0         -nan%
FETCH_TH_ADJUST__9                                   0         -nan%                0         -nan%
FETCH_TH_ADJUST__MAX                                 0         -nan%                0         -nan%
                                                     0         -nan%                0         -nan%
                                                  -nan         -nan              -nan         -nan

FETCH_TH_ADJUST_UP                                   0         -nan%                0         -nan%
FETCH_TH_ADJUST_DOWN                                 0         -nan%                0         -nan%
FETCH_TH_ADJUST_SAME                                 0         -nan%                0         -nan%
                                                     0         -nan%                0         -nan%
                                                  -nan         -nan              -nan         -nan

THROTTLE_ADJUST_CACHE_MISS_INFO                      0                              0              

LOW_CONF_COUNT_BP_MIS_0                              0         -nan%                0         -nan%
LOW_CONF_COUNT_BP_MIS_1                              0         -nan%                0         -nan%
LOW_CONF_COUNT_BP_MIS_2                              0         -nan%                0         -nan%
LOW_CONF_COUNT_BP_MIS_3                              0         -nan%                0         -nan%
LOW_CONF_COUNT_BP_MIS_4                              0         -nan%                0         -nan%
LOW_CONF_COUNT_BP_MIS_5                              0         -nan%                0         -nan%
LOW_CONF_COUNT_BP_MIS_6                              0         -nan%                0         -nan%
LOW_CONF_COUNT_BP_MIS_7                              0         -nan%                0         -nan%
LOW_CONF_COUNT_BP_MIS_8                              0         -nan%                0         -nan%
LOW_CONF_COUNT_BP_MIS_9                              0         -nan%                0         -nan%
LOW_CONF_COUNT_BP_MIS_10                             0         -nan%                0         -nan%
LOW_CONF_COUNT_BP_MIS_11                             0         -nan%                0         -nan%
LOW_CONF_COUNT_BP_MIS_12                             0         -nan%                0         -nan%
LOW_CONF_COUNT_BP_MIS_13                             0         -nan%                0         -nan%
LOW_CONF_COUNT_BP_MIS_14                             0         -nan%                0         -nan%
LOW_CONF_COUNT_BP_MIS_15                             0         -nan%                0         -nan%
LOW_CONF_COUNT_BP_MIS_16                             0         -nan%                0         -nan%
LOW_CONF_COUNT_BP_MIS_17                             0         -nan%                0         -nan%
LOW_CONF_COUNT_BP_MIS_18                             0         -nan%                0         -nan%
LOW_CONF_COUNT_BP_MIS_19                             0         -nan%                0         -nan%
LOW_CONF_COUNT_BP_MIS_20                             0         -nan%                0         -nan%
                                                     0         -nan%                0         -nan%
                                                  -nan         -nan              -nan         -nan

LOW_CONF_COUNT_RET_0                                 0         -nan%                0         -nan%
LOW_CONF_COUNT_RET_1                                 0         -nan%                0         -nan%
LOW_CONF_COUNT_RET_2                                 0         -nan%                0         -nan%
LOW_CONF_COUNT_RET_3                                 0         -nan%                0         -nan%
LOW_CONF_COUNT_RET_4                                 0         -nan%                0         -nan%
LOW_CONF_COUNT_RET_5                                 0         -nan%                0         -nan%
LOW_CONF_COUNT_RET_6                                 0         -nan%                0         -nan%
LOW_CONF_COUNT_RET_7                                 0         -nan%                0         -nan%
LOW_CONF_COUNT_RET_8                                 0         -nan%                0         -nan%
LOW_CONF_COUNT_RET_9                                 0         -nan%                0         -nan%
LOW_CONF_COUNT_RET_10                                0         -nan%                0         -nan%
LOW_CONF_COUNT_RET_11                                0         -nan%                0         -nan%
LOW_CONF_COUNT_RET_12                                0         -nan%                0         -nan%
LOW_CONF_COUNT_RET_13                                0         -nan%                0         -nan%
LOW_CONF_COUNT_RET_14                                0         -nan%                0         -nan%
LOW_CONF_COUNT_RET_15                                0         -nan%                0         -nan%
LOW_CONF_COUNT_RET_16                                0         -nan%                0         -nan%
LOW_CONF_COUNT_RET_17                                0         -nan%                0         -nan%
LOW_CONF_COUNT_RET_18                                0         -nan%                0         -nan%
LOW_CONF_COUNT_RET_19                                0         -nan%                0         -nan%
LOW_CONF_COUNT_RET_20                                0         -nan%                0         -nan%
                                                     0         -nan%                0         -nan%
                                                  -nan         -nan              -nan         -nan

CYCLES_RESTEER_MISPRED                               0         -nan%                0         -nan%
CYCLES_RESTEER_MISFETCH                              0         -nan%                0         -nan%
CYCLES_RESTEER_BTB_MISS                              0         -nan%                0         -nan%
                                                     0         -nan%                0         -nan%
                                                  -nan         -nan              -nan         -nan

CYCLES_RESTEER_MISPRED_SAVED_UC_FETCH                0         -nan%                0         -nan%
CYCLES_RESTEER_MISPRED_COULD_BE_SAVED_UC_FETCH             0         -nan%                0         -nan%
CYCLES_RESTEER_MISFETCH_SAVED_UC_FETCH               0         -nan%                0         -nan%
CYCLES_RESTEER_MISFETCH_COULD_BE_SAVED_UC_FETCH             0         -nan%                0         -nan%
CYCLES_RESTEER_BTB_MISS_SAVED_UC_FETCH               0         -nan%                0         -nan%
CYCLES_RESTEER_BTB_MISS_COULD_BE_SAVED_UC_FETCH             0         -nan%                0         -nan%
                                                     0         -nan%                0         -nan%
                                                  -nan         -nan              -nan         -nan

CYCLES_UOC_IC_SWITCH                                 0                              0              



