/* -*- Mode: c -*- */
####################################################################################################
Core 0
####################################################################################################
Cumulative:        Cycles: 1056                  Instructions: 49                    IPC: 0.04640

Periodic:          Cycles: 1056                  Instructions: 49                    IPC: 0.04640

ST_OP_INV                                            0        0.000%                0        0.000%
ST_OP_NOP                                         2382       95.052%             2382       95.052%
ST_OP_CF                                            32        1.277%               32        1.277%
ST_OP_MOV                                           13        0.519%               13        0.519%
ST_OP_CMOV                                           0        0.000%                0        0.000%
ST_OP_LDA                                            4        0.160%                4        0.160%
ST_OP_ILD                                           24        0.958%               24        0.958%
ST_OP_IST                                           13        0.519%               13        0.519%
ST_OP_IADD                                          15        0.599%               15        0.599%
ST_OP_IMUL                                           0        0.000%                0        0.000%
ST_OP_IDIV                                           0        0.000%                0        0.000%
ST_OP_ICMP                                           7        0.279%                7        0.279%
ST_OP_LOGIC                                         14        0.559%               14        0.559%
ST_OP_SHIFT                                          2        0.080%                2        0.080%
ST_OP_FLD                                            0        0.000%                0        0.000%
ST_OP_FST                                            0        0.000%                0        0.000%
ST_OP_FCVT                                           0        0.000%                0        0.000%
ST_OP_FADD                                           0        0.000%                0        0.000%
ST_OP_FMUL                                           0        0.000%                0        0.000%
ST_OP_FMA                                            0        0.000%                0        0.000%
ST_OP_FDIV                                           0        0.000%                0        0.000%
ST_OP_FCMP                                           0        0.000%                0        0.000%
ST_OP_FCMOV                                          0        0.000%                0        0.000%
ST_OP_GATHER                                         0        0.000%                0        0.000%
ST_OP_SCATTER                                        0        0.000%                0        0.000%
ST_OP_PIPELINED_FAST                                 0        0.000%                0        0.000%
ST_OP_PIPELINED_MEDIUM                               0        0.000%                0        0.000%
ST_OP_PIPELINED_SLOW                                 0        0.000%                0        0.000%
ST_OP_NOTPIPELINED_MEDIUM                            0        0.000%                0        0.000%
ST_OP_NOTPIPELINED_SLOW                              0        0.000%                0        0.000%
ST_OP_NOTPIPELINED_VERY_SLOW                         0        0.000%                0        0.000%
                                                  2506      100.000%             2506      100.000%
                                                  1.25         1.34              1.25         1.34

ST_NOT_CF                                         2474       98.723%             2474       98.723%
ST_CF_BR                                             2        0.080%                2        0.080%
ST_CF_CBR                                           21        0.838%               21        0.838%
ST_CF_CALL                                           5        0.200%                5        0.200%
ST_CF_IBR                                            0        0.000%                0        0.000%
ST_CF_ICALL                                          0        0.000%                0        0.000%
ST_CF_ICO                                            0        0.000%                0        0.000%
ST_CF_RET                                            4        0.160%                4        0.160%
ST_CF_SYS                                            0        0.000%                0        0.000%
                                                  2506      100.000%             2506      100.000%
                                                  0.03         0.36              0.03         0.36

ST_BAR_NONE                                       2506      100.000%             2506      100.000%
ST_BAR_FETCH                                         0        0.000%                0        0.000%
ST_BAR_ISSUE                                         0        0.000%                0        0.000%
ST_BAR_BOTH                                          0        0.000%                0        0.000%
                                                  2506      100.000%             2506      100.000%
                                                  0.00         0.00              0.00         0.00

ST_NOT_MEM                                        2469       98.524%             2469       98.524%
ST_MEM_LD                                           24        0.958%               24        0.958%
ST_MEM_ST                                           13        0.519%               13        0.519%
ST_MEM_PF                                            0        0.000%                0        0.000%
ST_MEM_WH                                            0        0.000%                0        0.000%
ST_MEM_EVICT                                         0        0.000%                0        0.000%
                                                  2506      100.000%             2506      100.000%
                                                  0.02         0.17              0.02         0.17

ST_NOT_MEM_OFFPATH                                 886       95.064%              886       95.064%
ST_MEM_LD_OFFPATH                                   31        3.326%               31        3.326%
ST_MEM_ST_OFFPATH                                   15        1.609%               15        1.609%
ST_MEM_PF_OFFPATH                                    0        0.000%                0        0.000%
ST_MEM_WH_OFFPATH                                    0        0.000%                0        0.000%
ST_MEM_EVIC_OFFPATHT                                 0        0.000%                0        0.000%
                                                   932      100.000%              932      100.000%
                                                  0.07         0.30              0.07         0.30

ST_OP_ONPATH                                      2506                           2506              

ST_OP_OFFPATH                                      932                            932              

ST_FAKE_OP_OFFPATH                                 788       84.549%              788       84.549%
ST_NOT_FAKE_OP_OFFPATH                             144       15.451%              144       15.451%
                                                   932      100.000%              932      100.000%
                                                  0.15         0.34              0.15         0.34

ST_FAKE_REASON_NOT_FAKE                            144       15.451%              144       15.451%
ST_FAKE_REASON_REDIRECT_TO_NOT_INSTRUMENTED           788       84.549%              788       84.549%
ST_FAKE_REASON_RETURN_TO_NOT_INSTRUMENTED             0        0.000%                0        0.000%
ST_FAKE_REASON_NONRET_CF_TO_NOT_INSTRUMENTED             0        0.000%                0        0.000%
ST_FAKE_REASON_NOT_TAKEN_TO_NOT_INSTRUMENTED             0        0.000%                0        0.000%
ST_FAKE_REASON_WRONG_PATH_STORE_TO_NEW_REGION             0        0.000%                0        0.000%
                                                   932      100.000%              932      100.000%
                                                  0.85         0.14              0.85         0.14

ST_INST_ONPATH                                    2474                           2474              

ST_INST_OFFPATH                                    894                            894              

STATIC_PIN_NOP                                       0                              0              

DYNAMIC_PIN_REP_GREATER_256                          0                              0              

INST_MAP_UPDATE_JITTED                               0         -nan%                0         -nan%
INST_MAP_UPDATE_NPC_INV                              0         -nan%                0         -nan%
INST_MAP_UPDATE_NPC_NOP                              0         -nan%                0         -nan%
INST_MAP_UPDATE_NPC_CF                               0         -nan%                0         -nan%
INST_MAP_UPDATE_NPC_MOV                              0         -nan%                0         -nan%
INST_MAP_UPDATE_NPC_CMOV                             0         -nan%                0         -nan%
INST_MAP_UPDATE_NPC_LDA                              0         -nan%                0         -nan%
INST_MAP_UPDATE_NPC_IMEM                             0         -nan%                0         -nan%
INST_MAP_UPDATE_NPC_IADD                             0         -nan%                0         -nan%
INST_MAP_UPDATE_NPC_IMUL                             0         -nan%                0         -nan%
INST_MAP_UPDATE_NPC_IDIV                             0         -nan%                0         -nan%
INST_MAP_UPDATE_NPC_ICMP                             0         -nan%                0         -nan%
INST_MAP_UPDATE_NPC_LOGIC                            0         -nan%                0         -nan%
INST_MAP_UPDATE_NPC_SHIFT                            0         -nan%                0         -nan%
INST_MAP_UPDATE_NPC_FMEM                             0         -nan%                0         -nan%
INST_MAP_UPDATE_NPC_FCVT                             0         -nan%                0         -nan%
INST_MAP_UPDATE_NPC_FADD                             0         -nan%                0         -nan%
INST_MAP_UPDATE_NPC_FMUL                             0         -nan%                0         -nan%
INST_MAP_UPDATE_NPC_FMA                              0         -nan%                0         -nan%
INST_MAP_UPDATE_NPC_FDIV                             0         -nan%                0         -nan%
INST_MAP_UPDATE_NPC_FCMP                             0         -nan%                0         -nan%
INST_MAP_UPDATE_NPC_FCMOV                            0         -nan%                0         -nan%
INST_MAP_UPDATE_NPC_GATHER                           0         -nan%                0         -nan%
INST_MAP_UPDATE_NPC_SCATTER                          0         -nan%                0         -nan%
INST_MAP_UPDATE_NPC_PIPELINED_FAST                   0         -nan%                0         -nan%
INST_MAP_UPDATE_NPC_PIPELINED_MEDIUM                 0         -nan%                0         -nan%
INST_MAP_UPDATE_NPC_PIPELINED_SLOW                   0         -nan%                0         -nan%
INST_MAP_UPDATE_NPC_NOTPIPELINED_MEDIUM              0         -nan%                0         -nan%
INST_MAP_UPDATE_NPC_NOTPIPELINED_SLOW                0         -nan%                0         -nan%
INST_MAP_UPDATE_NPC_NOTPIPELINED_VERY_SLOW             0         -nan%                0         -nan%
INST_MAP_UPDATE_MEM_INV                              0         -nan%                0         -nan%
INST_MAP_UPDATE_MEM_NOP                              0         -nan%                0         -nan%
INST_MAP_UPDATE_MEM_CF                               0         -nan%                0         -nan%
INST_MAP_UPDATE_MEM_MOV                              0         -nan%                0         -nan%
INST_MAP_UPDATE_MEM_CMOV                             0         -nan%                0         -nan%
INST_MAP_UPDATE_MEM_LDA                              0         -nan%                0         -nan%
INST_MAP_UPDATE_MEM_IMEM                             0         -nan%                0         -nan%
INST_MAP_UPDATE_MEM_IADD                             0         -nan%                0         -nan%
INST_MAP_UPDATE_MEM_IMUL                             0         -nan%                0         -nan%
INST_MAP_UPDATE_MEM_IDIV                             0         -nan%                0         -nan%
INST_MAP_UPDATE_MEM_ICMP                             0         -nan%                0         -nan%
INST_MAP_UPDATE_MEM_LOGIC                            0         -nan%                0         -nan%
INST_MAP_UPDATE_MEM_SHIFT                            0         -nan%                0         -nan%
INST_MAP_UPDATE_MEM_FMEM                             0         -nan%                0         -nan%
INST_MAP_UPDATE_MEM_FCVT                             0         -nan%                0         -nan%
INST_MAP_UPDATE_MEM_FADD                             0         -nan%                0         -nan%
INST_MAP_UPDATE_MEM_FMUL                             0         -nan%                0         -nan%
INST_MAP_UPDATE_MEM_FMA                              0         -nan%                0         -nan%
INST_MAP_UPDATE_MEM_FDIV                             0         -nan%                0         -nan%
INST_MAP_UPDATE_MEM_FCMP                             0         -nan%                0         -nan%
INST_MAP_UPDATE_MEM_FCMOV                            0         -nan%                0         -nan%
INST_MAP_UPDATE_MEM_GATHER                           0         -nan%                0         -nan%
INST_MAP_UPDATE_MEM_SCATTER                          0         -nan%                0         -nan%
INST_MAP_UPDATE_MEM_PIPELINED_FAST                   0         -nan%                0         -nan%
INST_MAP_UPDATE_MEM_PIPELINED_MEDIUM                 0         -nan%                0         -nan%
INST_MAP_UPDATE_MEM_PIPELINED_SLOW                   0         -nan%                0         -nan%
INST_MAP_UPDATE_MEM_NOTPIPELINED_MEDIUM              0         -nan%                0         -nan%
INST_MAP_UPDATE_MEM_NOTPIPELINED_SLOW                0         -nan%                0         -nan%
INST_MAP_UPDATE_MEM_NOTPIPELINED_VERY_SLOW             0         -nan%                0         -nan%
                                                     0         -nan%                0         -nan%
                                                  -nan         -nan              -nan         -nan



